This is pdfTeX, Version 3.1415926-2.3-1.40.12 (MiKTeX 2.9) (preloaded format=pdflatex 2023.8.24)  7 SEP 2023 08:33
entering extended mode
**C:/Users/Lei/Desktop/admm/è®ºæ–‡/paper.tex
(C:/Users/Lei/Desktop/admm/è®ºæ–‡/paper.tex
LaTeX2e <2011/06/27>
Babel <v3.8m> and hyphenation patterns for loaded.
(D:\ruanjian\cetx\CTEX\MiKTeX\tex\latex\base\article.cls
Document Class: article 2007/10/19 v1.4h Standard LaTeX document class
(D:\ruanjian\cetx\CTEX\MiKTeX\tex\latex\base\size10.clo
File: size10.clo 2007/10/19 v1.4h Standard LaTeX file (size option)
)
\c@part=\count79
\c@section=\count80
\c@subsection=\count81
\c@subsubsection=\count82
\c@paragraph=\count83
\c@subparagraph=\count84
\c@figure=\count85
\c@table=\count86
\abovecaptionskip=\skip41
\belowcaptionskip=\skip42
\bibindent=\dimen102
)
(D:\ruanjian\cetx\CTEX\MiKTeX\tex\latex\ams\math\amsmath.sty
Package: amsmath 2000/07/18 v2.13 AMS math features
\@mathmargin=\skip43

For additional information on amsmath, use the `?' option.
(D:\ruanjian\cetx\CTEX\MiKTeX\tex\latex\ams\math\amstext.sty
Package: amstext 2000/06/29 v2.01

(D:\ruanjian\cetx\CTEX\MiKTeX\tex\latex\ams\math\amsgen.sty
File: amsgen.sty 1999/11/30 v2.0
\@emptytoks=\toks14
\ex@=\dimen103
))
(D:\ruanjian\cetx\CTEX\MiKTeX\tex\latex\ams\math\amsbsy.sty
Package: amsbsy 1999/11/29 v1.2d
\pmbraise@=\dimen104
)
(D:\ruanjian\cetx\CTEX\MiKTeX\tex\latex\ams\math\amsopn.sty
Package: amsopn 1999/12/14 v2.01 operator names
)
\inf@bad=\count87
LaTeX Info: Redefining \frac on input line 211.
\uproot@=\count88
\leftroot@=\count89
LaTeX Info: Redefining \overline on input line 307.
\classnum@=\count90
\DOTSCASE@=\count91
LaTeX Info: Redefining \ldots on input line 379.
LaTeX Info: Redefining \dots on input line 382.
LaTeX Info: Redefining \cdots on input line 467.
\Mathstrutbox@=\box26
\strutbox@=\box27
\big@size=\dimen105
LaTeX Font Info:    Redeclaring font encoding OML on input line 567.
LaTeX Font Info:    Redeclaring font encoding OMS on input line 568.
\macc@depth=\count92
\c@MaxMatrixCols=\count93
\dotsspace@=\muskip10
\c@parentequation=\count94
\dspbrk@lvl=\count95
\tag@help=\toks15
\row@=\count96
\column@=\count97
\maxfields@=\count98
\andhelp@=\toks16
\eqnshift@=\dimen106
\alignsep@=\dimen107
\tagshift@=\dimen108
\tagwidth@=\dimen109
\totwidth@=\dimen110
\lineht@=\dimen111
\@envbody=\toks17
\multlinegap=\skip44
\multlinetaggap=\skip45
\mathdisplay@stack=\toks18
LaTeX Info: Redefining \[ on input line 2666.
LaTeX Info: Redefining \] on input line 2667.
)
(D:\ruanjian\cetx\CTEX\MiKTeX\tex\latex\ams\classes\amsthm.sty
Package: amsthm 2004/08/06 v2.20
\thm@style=\toks19
\thm@bodyfont=\toks20
\thm@headfont=\toks21
\thm@notefont=\toks22
\thm@headpunct=\toks23
\thm@preskip=\skip46
\thm@postskip=\skip47
\thm@headsep=\skip48
\dth@everypar=\toks24
)
(D:\ruanjian\cetx\CTEX\MiKTeX\tex\latex\amsfonts\amssymb.sty
Package: amssymb 2009/06/22 v3.00

(D:\ruanjian\cetx\CTEX\MiKTeX\tex\latex\amsfonts\amsfonts.sty
Package: amsfonts 2009/06/22 v3.00 Basic AMSFonts support
\symAMSa=\mathgroup4
\symAMSb=\mathgroup5
LaTeX Font Info:    Overwriting math alphabet `\mathfrak' in version `bold'
(Font)                  U/euf/m/n --> U/euf/b/n on input line 96.
))
(D:\ruanjian\cetx\CTEX\MiKTeX\tex\latex\tools\tabularx.sty
Package: tabularx 1999/01/07 v2.07 `tabularx' package (DPC)

(D:\ruanjian\cetx\CTEX\MiKTeX\tex\latex\tools\array.sty
Package: array 2008/09/09 v2.4c Tabular extension package (FMi)
\col@sep=\dimen112
\extrarowheight=\dimen113
\NC@list=\toks25
\extratabsurround=\skip49
\backup@length=\skip50
)
\TX@col@width=\dimen114
\TX@old@table=\dimen115
\TX@old@col=\dimen116
\TX@target=\dimen117
\TX@delta=\dimen118
\TX@cols=\count99
\TX@ftn=\toks26
)
(D:\ruanjian\cetx\CTEX\MiKTeX\tex\latex\tools\bm.sty
Package: bm 2004/02/26 v1.1c Bold Symbol Support (DPC/FMi)
\symboldoperators=\mathgroup6
\symboldletters=\mathgroup7
\symboldsymbols=\mathgroup8
LaTeX Font Info:    Redeclaring math alphabet \mathbf on input line 138.
LaTeX Info: Redefining \bm on input line 204.
)
(D:\ruanjian\cetx\CTEX\MiKTeX\tex\latex\graphics\color.sty
Package: color 2005/11/14 v1.0j Standard LaTeX Color (DPC)

(D:\ruanjian\cetx\CTEX\MiKTeX\tex\latex\00miktex\color.cfg
File: color.cfg 2007/01/18 v1.5 color configuration of teTeX/TeXLive
)
Package color Info: Driver file: pdftex.def on input line 130.

(D:\ruanjian\cetx\CTEX\MiKTeX\tex\latex\pdftex-def\pdftex.def
File: pdftex.def 2011/05/27 v0.06d Graphics/color for pdfTeX

(D:\ruanjian\cetx\CTEX\MiKTeX\tex\generic\oberdiek\infwarerr.sty
Package: infwarerr 2010/04/08 v1.3 Providing info/warning/message (HO)
)
(D:\ruanjian\cetx\CTEX\MiKTeX\tex\generic\oberdiek\ltxcmds.sty
Package: ltxcmds 2011/04/18 v1.20 LaTeX kernel commands for general use (HO)
)
\Gread@gobject=\count100
))
(D:\ruanjian\cetx\CTEX\MiKTeX\tex\latex\esint\esint.sty
Package: esint 
\symlargesymbolsA=\mathgroup9
)
(D:\ruanjian\cetx\CTEX\MiKTeX\tex\latex\graphics\graphicx.sty
Package: graphicx 1999/02/16 v1.0f Enhanced LaTeX Graphics (DPC,SPQR)

(D:\ruanjian\cetx\CTEX\MiKTeX\tex\latex\graphics\keyval.sty
Package: keyval 1999/03/16 v1.13 key=value parser (DPC)
\KV@toks@=\toks27
)
(D:\ruanjian\cetx\CTEX\MiKTeX\tex\latex\graphics\graphics.sty
Package: graphics 2009/02/05 v1.0o Standard LaTeX Graphics (DPC,SPQR)

(D:\ruanjian\cetx\CTEX\MiKTeX\tex\latex\graphics\trig.sty
Package: trig 1999/03/16 v1.09 sin cos tan (DPC)
)
(D:\ruanjian\cetx\CTEX\MiKTeX\tex\latex\00miktex\graphics.cfg
File: graphics.cfg 2007/01/18 v1.5 graphics configuration of teTeX/TeXLive
)
Package graphics Info: Driver file: pdftex.def on input line 91.
)
\Gin@req@height=\dimen119
\Gin@req@width=\dimen120
)
(D:\ruanjian\cetx\CTEX\MiKTeX\tex\latex\diagbox\diagbox.sty
Package: diagbox 2011/11/23 v2.0 Making table heads with diagonal lines

(D:\ruanjian\cetx\CTEX\MiKTeX\tex\latex\pict2e\pict2e.sty
Package: pict2e 2011/04/05 v0.2y Improved picture commands (HjG,RN,JT)

(D:\ruanjian\cetx\CTEX\MiKTeX\tex\latex\00miktex\pict2e.cfg
File: pict2e.cfg 2005/12/29 v1.0 MiKTeX 'pict2e' configuration
)
Package pict2e Info: Driver file: pdftex.def on input line 119.
Package pict2e Info: Driver file for pict2e: p2e-pdftex.def on input line 121.

(D:\ruanjian\cetx\CTEX\MiKTeX\tex\latex\pict2e\p2e-pdftex.def
File: p2e-pdftex.def 2011/04/05 v0.1t Driver-dependant file (RN,HjG,JT)
)
\pIIe@GRAPH=\toks28
\@arclen=\dimen121
\@arcrad=\dimen122
\@tempdimd=\dimen123
)
(D:\ruanjian\cetx\CTEX\MiKTeX\tex\latex\fp\fp.sty
Package: fp 1995/04/02

`Fixed Point Package', Version 0.8, April 2, 1995 (C) Michael Mehlich
(D:\ruanjian\cetx\CTEX\MiKTeX\tex\latex\fp\defpattern.sty
Package: defpattern 1994/10/12
\actioncount=\count101
)
(D:\ruanjian\cetx\CTEX\MiKTeX\tex\latex\fp\fp-basic.sty
Package: fp-basic 1996/05/13
\FP@xs=\count102
\FP@xia=\count103
\FP@xib=\count104
\FP@xfa=\count105
\FP@xfb=\count106
\FP@rega=\count107
\FP@regb=\count108
\FP@regs=\count109
\FP@times=\count110
)
(D:\ruanjian\cetx\CTEX\MiKTeX\tex\latex\fp\fp-addons.sty
Package: fp-addons 1995/03/15
)
(D:\ruanjian\cetx\CTEX\MiKTeX\tex\latex\fp\fp-snap.sty
Package: fp-snap 1995/04/05
)
(D:\ruanjian\cetx\CTEX\MiKTeX\tex\latex\fp\fp-exp.sty
Package: fp-exp 1995/04/03
)
(D:\ruanjian\cetx\CTEX\MiKTeX\tex\latex\fp\fp-trigo.sty
Package: fp-trigo 1995/04/14
)
(D:\ruanjian\cetx\CTEX\MiKTeX\tex\latex\fp\fp-pas.sty
Package: fp-pas 1994/08/29
)
(D:\ruanjian\cetx\CTEX\MiKTeX\tex\latex\fp\fp-random.sty
Package: fp-random 1995/02/23
\FPseed=\count111
)
(D:\ruanjian\cetx\CTEX\MiKTeX\tex\latex\fp\fp-eqn.sty
Package: fp-eqn 1995/04/03
)
(D:\ruanjian\cetx\CTEX\MiKTeX\tex\latex\fp\fp-upn.sty
Package: fp-upn 1996/10/21
)
(D:\ruanjian\cetx\CTEX\MiKTeX\tex\latex\fp\fp-eval.sty
Package: fp-eval 1995/04/03
))
\diagbox@boxa=\box28
\diagbox@boxb=\box29
\diagbox@boxm=\box30
\diagbox@wd=\dimen124
\diagbox@ht=\dimen125
\diagbox@sepl=\dimen126
\diagbox@sepr=\dimen127
)
(D:\ruanjian\cetx\CTEX\MiKTeX\tex\latex\tools\indentfirst.sty
Package: indentfirst 1995/11/23 v1.03 Indent first paragraph (DPC)
)
(D:\ruanjian\cetx\CTEX\MiKTeX\tex\latex\enumitem\enumitem.sty
Package: enumitem 2011/09/28 v3.5.2 Customized lists
\labelindent=\skip51
\enit@outerparindent=\dimen128
\enit@toks=\toks29
\enit@inbox=\box31
\enitdp@description=\count112
)
(D:\ruanjian\cetx\CTEX\MiKTeX\tex\latex\cjk\CJK.sty
Package: CJK 2008/12/29 4.8.2

(D:\ruanjian\cetx\CTEX\MiKTeX\tex\latex\cjk\mule\MULEenc.sty
Package: MULEenc 2008/12/29 4.8.2
)
(D:\ruanjian\cetx\CTEX\MiKTeX\tex\latex\cjk\CJK.enc
File: CJK.enc 2008/12/29 4.8.2
)
LaTeX Info: Redefining \selectfont on input line 756.
\CJK@indent=\box32
)
(D:\ruanjian\cetx\CTEX\MiKTeX\tex\latex\algorithms\algorithm.sty
Package: algorithm 2009/08/24 v0.1 Document Style `algorithm' - floating enviro
nment

(D:\ruanjian\cetx\CTEX\MiKTeX\tex\latex\float\float.sty
Package: float 2001/11/08 v1.3d Float enhancements (AL)
\c@float@type=\count113
\float@exts=\toks30
\float@box=\box33
\@float@everytoks=\toks31
\@floatcapt=\box34
)
(D:\ruanjian\cetx\CTEX\MiKTeX\tex\latex\base\ifthen.sty
Package: ifthen 2001/05/26 v1.1c Standard LaTeX ifthen package (DPC)
)
\@float@every@algorithm=\toks32
\c@algorithm=\count114
)
(D:\ruanjian\cetx\CTEX\MiKTeX\tex\latex\algorithms\algorithmic.sty
Package: algorithmic 2009/08/24 v0.1 Document Style `algorithmic'
\c@ALC@unique=\count115
\c@ALC@line=\count116
\c@ALC@rem=\count117
\c@ALC@depth=\count118
\ALC@tlm=\skip52
\algorithmicindent=\skip53
)
(D:\ruanjian\cetx\CTEX\MiKTeX\tex\latex\tools\multicol.sty
Package: multicol 2011/06/27 v1.7a multicolumn formatting (FMi)
\c@tracingmulticols=\count119
\mult@box=\box35
\multicol@leftmargin=\dimen129
\c@unbalance=\count120
\c@collectmore=\count121
\doublecol@number=\count122
\multicoltolerance=\count123
\multicolpretolerance=\count124
\full@width=\dimen130
\page@free=\dimen131
\premulticols=\dimen132
\postmulticols=\dimen133
\multicolsep=\skip54
\multicolbaselineskip=\skip55
\partial@page=\box36
\last@line=\box37
\mult@rightbox=\box38
\mult@grightbox=\box39
\mult@gfirstbox=\box40
\mult@firstbox=\box41
\@tempa=\box42
\@tempa=\box43
\@tempa=\box44
\@tempa=\box45
\@tempa=\box46
\@tempa=\box47
\@tempa=\box48
\@tempa=\box49
\@tempa=\box50
\@tempa=\box51
\@tempa=\box52
\@tempa=\box53
\@tempa=\box54
\@tempa=\box55
\@tempa=\box56
\@tempa=\box57
\@tempa=\box58
\c@columnbadness=\count125
\c@finalcolumnbadness=\count126
\last@try=\dimen134
\multicolovershoot=\dimen135
\multicolundershoot=\dimen136
\mult@nat@firstbox=\box59
\colbreak@box=\box60
\multicol@sort@counter=\count127
)
(D:\ruanjian\cetx\CTEX\MiKTeX\tex\latex\geometry\geometry.sty
Package: geometry 2010/09/12 v5.6 Page Geometry

(D:\ruanjian\cetx\CTEX\MiKTeX\tex\generic\oberdiek\ifpdf.sty
Package: ifpdf 2011/01/30 v2.3 Provides the ifpdf switch (HO)
Package ifpdf Info: pdfTeX in PDF mode is detected.
)
(D:\ruanjian\cetx\CTEX\MiKTeX\tex\generic\oberdiek\ifvtex.sty
Package: ifvtex 2010/03/01 v1.5 Switches for detecting VTeX and its modes (HO)
Package ifvtex Info: VTeX not detected.
)
(D:\ruanjian\cetx\CTEX\MiKTeX\tex\generic\ifxetex\ifxetex.sty
Package: ifxetex 2010/09/12 v0.6 Provides ifxetex conditional
)
\Gm@cnth=\count128
\Gm@cntv=\count129
\c@Gm@tempcnt=\count130
\Gm@bindingoffset=\dimen137
\Gm@wd@mp=\dimen138
\Gm@odd@mp=\dimen139
\Gm@even@mp=\dimen140
\Gm@layoutwidth=\dimen141
\Gm@layoutheight=\dimen142
\Gm@layouthoffset=\dimen143
\Gm@layoutvoffset=\dimen144
\Gm@dimlist=\toks33

(D:\ruanjian\cetx\CTEX\MiKTeX\tex\latex\geometry\geometry.cfg))
\c@theorem=\count131
\c@lemma=\count132
\c@example=\count133
\c@remark=\count134
\c@corollary=\count135
\c@condition=\count136
\c@proposition=\count137

(D:\ruanjian\cetx\CTEX\MiKTeX\tex\latex\subfig\subfig.sty
Package: subfig 2005/06/28 ver: 1.3 subfig package

(D:\ruanjian\cetx\CTEX\MiKTeX\tex\latex\caption\caption.sty
Package: caption 2011/11/10 v3.2e Customizing captions (AR)

(D:\ruanjian\cetx\CTEX\MiKTeX\tex\latex\caption\caption3.sty
Package: caption3 2011/11/01 v1.4a caption3 kernel (AR)
\captionmargin=\dimen145
\captionmargin@=\dimen146
\captionwidth=\dimen147
\caption@indent=\dimen148
\caption@parindent=\dimen149
\caption@hangindent=\dimen150
)
\c@ContinuedFloat=\count138
Package caption Info: float package is loaded.
)
\c@KVtest=\count139
\sf@farskip=\skip56
\sf@captopadj=\dimen151
\sf@capskip=\skip57
\sf@nearskip=\skip58
\c@subfigure=\count140
\c@subfigure@save=\count141
\c@lofdepth=\count142
\c@subtable=\count143
\c@subtable@save=\count144
\c@lotdepth=\count145
\sf@top=\skip59
\sf@bottom=\skip60
)
(C:\Users\Lei\Desktop\admm\è®ºæ–‡\paper.aux

LaTeX Warning: Label `Def_DOC' multiply defined.


LaTeX Warning: Label `th' multiply defined.

)
LaTeX Font Info:    Checking defaults for OML/cmm/m/it on input line 38.
LaTeX Font Info:    ... okay on input line 38.
LaTeX Font Info:    Checking defaults for T1/cmr/m/n on input line 38.
LaTeX Font Info:    ... okay on input line 38.
LaTeX Font Info:    Checking defaults for OT1/cmr/m/n on input line 38.
LaTeX Font Info:    ... okay on input line 38.
LaTeX Font Info:    Checking defaults for OMS/cmsy/m/n on input line 38.
LaTeX Font Info:    ... okay on input line 38.
LaTeX Font Info:    Checking defaults for OMX/cmex/m/n on input line 38.
LaTeX Font Info:    ... okay on input line 38.
LaTeX Font Info:    Checking defaults for U/cmr/m/n on input line 38.
LaTeX Font Info:    ... okay on input line 38.
LaTeX Font Info:    Checking defaults for C00/song/m/n on input line 38.
LaTeX Font Info:    ... okay on input line 38.
LaTeX Font Info:    Checking defaults for C05/song/m/n on input line 38.
LaTeX Font Info:    ... okay on input line 38.
LaTeX Font Info:    Checking defaults for C09/song/m/n on input line 38.
LaTeX Font Info:    ... okay on input line 38.
LaTeX Font Info:    Checking defaults for C10/song/m/n on input line 38.
LaTeX Font Info:    ... okay on input line 38.
LaTeX Font Info:    Checking defaults for C20/song/m/n on input line 38.
LaTeX Font Info:    ... okay on input line 38.
LaTeX Font Info:    Checking defaults for C19/song/m/n on input line 38.
LaTeX Font Info:    ... okay on input line 38.
LaTeX Font Info:    Checking defaults for C40/song/m/n on input line 38.
LaTeX Font Info:    ... okay on input line 38.
LaTeX Font Info:    Checking defaults for C42/song/m/n on input line 38.
LaTeX Font Info:    ... okay on input line 38.
LaTeX Font Info:    Checking defaults for C43/song/m/n on input line 38.
LaTeX Font Info:    ... okay on input line 38.
LaTeX Font Info:    Checking defaults for C50/song/m/n on input line 38.
LaTeX Font Info:    ... okay on input line 38.
LaTeX Font Info:    Checking defaults for C52/song/m/n on input line 38.
LaTeX Font Info:    ... okay on input line 38.
LaTeX Font Info:    Checking defaults for C49/song/m/n on input line 38.
LaTeX Font Info:    ... okay on input line 38.
LaTeX Font Info:    Checking defaults for C60/mj/m/n on input line 38.
LaTeX Font Info:    ... okay on input line 38.
LaTeX Font Info:    Checking defaults for C61/mj/m/n on input line 38.
LaTeX Font Info:    ... okay on input line 38.
LaTeX Font Info:    Checking defaults for C63/mj/m/n on input line 38.
LaTeX Font Info:    ... okay on input line 38.
LaTeX Font Info:    Checking defaults for C64/mj/m/n on input line 38.
LaTeX Font Info:    ... okay on input line 38.
LaTeX Font Info:    Checking defaults for C65/mj/m/n on input line 38.
LaTeX Font Info:    ... okay on input line 38.
LaTeX Font Info:    Checking defaults for C70/song/m/n on input line 38.
LaTeX Font Info:    ... okay on input line 38.
LaTeX Font Info:    Checking defaults for C31/song/m/n on input line 38.
LaTeX Font Info:    ... okay on input line 38.
LaTeX Font Info:    Checking defaults for C32/song/m/n on input line 38.
LaTeX Font Info:    ... okay on input line 38.
LaTeX Font Info:    Checking defaults for C33/song/m/n on input line 38.
LaTeX Font Info:    ... okay on input line 38.
LaTeX Font Info:    Checking defaults for C34/song/m/n on input line 38.
LaTeX Font Info:    ... okay on input line 38.
LaTeX Font Info:    Checking defaults for C35/song/m/n on input line 38.
LaTeX Font Info:    ... okay on input line 38.
LaTeX Font Info:    Checking defaults for C36/song/m/n on input line 38.
LaTeX Font Info:    ... okay on input line 38.
LaTeX Font Info:    Checking defaults for C37/song/m/n on input line 38.
LaTeX Font Info:    ... okay on input line 38.
LaTeX Font Info:    Checking defaults for C80/song/m/n on input line 38.
LaTeX Font Info:    ... okay on input line 38.
LaTeX Font Info:    Checking defaults for C81/song/m/n on input line 38.
LaTeX Font Info:    ... okay on input line 38.
LaTeX Font Info:    Checking defaults for C01/song/m/n on input line 38.
LaTeX Font Info:    ... okay on input line 38.
LaTeX Font Info:    Checking defaults for C11/song/m/n on input line 38.
LaTeX Font Info:    ... okay on input line 38.
LaTeX Font Info:    Checking defaults for C21/song/m/n on input line 38.
LaTeX Font Info:    ... okay on input line 38.
LaTeX Font Info:    Checking defaults for C41/song/m/n on input line 38.
LaTeX Font Info:    ... okay on input line 38.
LaTeX Font Info:    Checking defaults for C62/song/m/n on input line 38.
LaTeX Font Info:    ... okay on input line 38.
 (D:\ruanjian\cetx\CTEX\MiKTeX\tex\context\base\supp-pdf.mkii
[Loading MPS to PDF converter (version 2006.09.02).]
\scratchcounter=\count146
\scratchdimen=\dimen152
\scratchbox=\box61
\nofMPsegments=\count147
\nofMParguments=\count148
\everyMPshowfont=\toks34
\MPscratchCnt=\count149
\MPscratchDim=\dimen153
\MPnumerator=\count150
\makeMPintoPDFobject=\count151
\everyMPtoPDFconversion=\toks35
)
*geometry* driver: auto-detecting
*geometry* detected driver: pdftex
*geometry* verbose mode - [ preamble ] result:
* driver: pdftex
* paper: a4paper
* layout: <same size as paper>
* layoutoffset:(h,v)=(0.0pt,0.0pt)
* modes: 
* h-part:(L,W,R)=(71.13188pt, 455.24411pt, 71.13188pt)
* v-part:(T,H,B)=(56.9055pt, 731.23584pt, 56.9055pt)
* \paperwidth=597.50787pt
* \paperheight=845.04684pt
* \textwidth=455.24411pt
* \textheight=731.23584pt
* \oddsidemargin=-1.1381pt
* \evensidemargin=-1.1381pt
* \topmargin=-52.36449pt
* \headheight=12.0pt
* \headsep=25.0pt
* \topskip=10.0pt
* \footskip=30.0pt
* \marginparwidth=65.0pt
* \marginparsep=11.0pt
* \columnsep=10.0pt
* \skip\footins=9.0pt plus 4.0pt minus 2.0pt
* \hoffset=0.0pt
* \voffset=0.0pt
* \mag=1000
* \@twocolumnfalse
* \@twosidefalse
* \@mparswitchfalse
* \@reversemarginfalse
* (1in=72.27pt=25.4mm, 1cm=28.453pt)

Package caption Info: Begin \AtBeginDocument code.
Package caption Info: subfig package v1.3 is loaded.
Package caption Info: End \AtBeginDocument code.
(D:\ruanjian\cetx\CTEX\MiKTeX\tex\latex\cjk\standard.bdg
File: standard.bdg 2008/12/29 4.8.2
)
(D:\ruanjian\cetx\CTEX\MiKTeX\tex\latex\cjk\extended.enc
File: extended.enc 2008/12/29 4.8.2
)
(D:\ruanjian\cetx\CTEX\MiKTeX\tex\latex\cjk\extended.chr
File: extended.chr 2008/12/29 4.8.2
)
LaTeX Font Info:    Try loading font information for C19+song on input line 42.


(D:\ruanjian\cetx\CTEX\CTeX\tex\latex\CJK\GB\c19song.fd
File: c19song.fd 2009/09/23 4.8.2
)
LaTeX Font Info:    Try loading font information for U+msa on input line 42.

(D:\ruanjian\cetx\CTEX\MiKTeX\tex\latex\amsfonts\umsa.fd
File: umsa.fd 2009/06/22 v3.00 AMS symbols A
)
LaTeX Font Info:    Try loading font information for U+msb on input line 42.

(D:\ruanjian\cetx\CTEX\MiKTeX\tex\latex\amsfonts\umsb.fd
File: umsb.fd 2009/06/22 v3.00 AMS symbols B
)
LaTeX Font Info:    Try loading font information for U+esint on input line 42.

(D:\ruanjian\cetx\CTEX\MiKTeX\tex\latex\esint\uesint.fd
File: uesint.fd 
)

LaTeX Warning: No \author given.


Overfull \hbox (6.82262pt too wide) in paragraph at lines 90--93
\C19/song/m/n/10/52 Ù \C19/song/m/n/10/64 ¥\OT1/cmr/m/n/10 N\C19/song/m/n/10/37
 L \C19/song/m/n/10/55 « \C19/song/m/n/10/58 \OT1/cmr/m/n/10 EV\C19/song/m/n/1
0/55 ê \C19/song/m/n/10/48 þ \C19/song/m/n/10/26 §\OT1/cmr/m/n/10 i\C19/song/m/
n/10/55 ž\OT1/cmr/m/n/10 EV\C19/song/m/n/10/40  \C19/song/m/n/10/64  \C19/son
g/m/n/10/55 ê \C19/song/m/n/10/26 §\OT1/cmr/m/n/10 i=1,2,...,N.j\C19/song/m/n/1
0/55 ´
 []

[1

{D:/ruanjian/cetx/CTEX/UserData/pdftex/config/pdftex.map{Unicode.sfd}{UGBK.sfd}
}]
Underfull \hbox (badness 10000) in paragraph at lines 138--140

 []


Overfull \hbox (12.15616pt too wide) in paragraph at lines 197--197
[]\C19/song/bx/n/14.4/44 Ä[][] \C19/song/bx/n/14.4/62 u[][]$\OML/cmm/m/it/14.4 
Jacobi \OMS/cmsy/m/n/14.4   \OML/cmm/m/it/14.4 ProximalADMM$\C19/song/bx/n/14.4
/40 [][]
 []

[2]
Overfull \hbox (38.17503pt too wide) in paragraph at lines 254--254
[] 
 []


Overfull \hbox (2.48943pt too wide) in paragraph at lines 261--261
[] 
 []


Overfull \hbox (99.13992pt too wide) in paragraph at lines 287--287
[] 
 []


Overfull \hbox (94.64258pt too wide) in paragraph at lines 297--297
[] 
 []


Overfull \hbox (52.3865pt too wide) in paragraph at lines 303--303
[] 
 []

[3]
Overfull \hbox (12.10855pt too wide) in paragraph at lines 321--321
[] 
 []


Overfull \hbox (61.23799pt too wide) in paragraph at lines 327--327
[] 
 []


LaTeX Warning: `!h' float specifier changed to `!ht'.

[4]
Underfull \hbox (badness 10000) in paragraph at lines 425--428
\OT1/cmr/m/n/10 where $\OML/cmm/m/it/10 "[] > \OT1/cmr/m/n/10 0$ is an ab-so-lu
te tol-er-
 []


Underfull \hbox (badness 5475) in paragraph at lines 425--428
\OT1/cmr/m/n/10 son-able val-ue for the rel-a-tive stop-ping cri-
 []


Underfull \hbox (badness 5388) in paragraph at lines 425--428
\OT1/cmr/m/n/10 te-ri-on might be $10[]$ or $10[]$. A pseudo-
 []


Overfull \hbox (10.21165pt too wide) in paragraph at lines 425--428
\OT1/cmr/m/n/10 code for the pro-posed Prox-JADMM is then give in Al-
 []

[5] (C:\Users\Lei\Desktop\admm\è®ºæ–‡\paper.aux)

LaTeX Warning: There were multiply-defined labels.

 ) 
Here is how much of TeX's memory you used:
 7313 strings out of 495354
 101065 string characters out of 3183075
 231261 words of memory out of 3000000
 10273 multiletter control sequences out of 15000+200000
 48504 words of font info for 174 fonts, out of 3000000 for 9000
 14 hyphenation exceptions out of 8191
 44i,16n,42p,604b,778s stack positions out of 5000i,500n,10000p,200000b,50000s
<D:/ruanjian/cetx/CTEX/CTeX/fonts/truetype/chinese/simsun.ttf><D:/ruanjian/ce
tx/CTEX/CTeX/fonts/truetype/chinese/simsun.ttf><D:/ruanjian/cetx/CTEX/CTeX/font
s/truetype/chinese/simsun.ttf><D:/ruanjian/cetx/CTEX/CTeX/fonts/truetype/chines
e/simsun.ttf><D:/ruanjian/cetx/CTEX/CTeX/fonts/truetype/chinese/simsun.ttf><D:/
ruanjian/cetx/CTEX/CTeX/fonts/truetype/chinese/simsun.ttf><D:/ruanjian/cetx/CTE
X/CTeX/fonts/truetype/chinese/simsun.ttf><D:/ruanjian/cetx/CTEX/CTeX/fonts/true
type/chinese/simsun.ttf><D:/ruanjian/cetx/CTEX/CTeX/fonts/truetype/chinese/sims
un.ttf><D:/ruanjian/cetx/CTEX/CTeX/fonts/truetype/chinese/simsun.ttf><D:/ruanji
an/cetx/CTEX/CTeX/fonts/truetype/chinese/simsun.ttf><D:/ruanjian/cetx/CTEX/CTeX
/fonts/truetype/chinese/simsun.ttf><D:/ruanjian/cetx/CTEX/CTeX/fonts/truetype/c
hinese/simsun.ttf><D:/ruanjian/cetx/CTEX/CTeX/fonts/truetype/chinese/simsun.ttf
><D:/ruanjian/cetx/CTEX/CTeX/fonts/truetype/chinese/simsun.ttf><D:/ruanjian/cet
x/CTEX/CTeX/fonts/truetype/chinese/simsun.ttf><D:/ruanjian/cetx/CTEX/CTeX/fonts
/truetype/chinese/simsun.ttf><D:/ruanjian/cetx/CTEX/CTeX/fonts/truetype/chinese
/simsun.ttf><D:/ruanjian/cetx/CTEX/CTeX/fonts/truetype/chinese/simsun.ttf><D:/r
uanjian/cetx/CTEX/CTeX/fonts/truetype/chinese/simsun.ttf><D:/ruanjian/cetx/CTEX
/CTeX/fonts/truetype/chinese/simsun.ttf><D:/ruanjian/cetx/CTEX/CTeX/fonts/truet
ype/chinese/simsun.ttf><D:/ruanjian/cetx/CTEX/CTeX/fonts/truetype/chinese/simsu
n.ttf><D:/ruanjian/cetx/CTEX/CTeX/fonts/truetype/chinese/simsun.ttf><D:/ruanjia
n/cetx/CTEX/CTeX/fonts/truetype/chinese/simsun.ttf><D:/ruanjian/cetx/CTEX/CTeX/
fonts/truetype/chinese/simsun.ttf><D:/ruanjian/cetx/CTEX/CTeX/fonts/truetype/ch
inese/simsun.ttf><D:/ruanjian/cetx/CTEX/CTeX/fonts/truetype/chinese/simsun.ttf>
<D:/ruanjian/cetx/CTEX/CTeX/fonts/truetype/chinese/simsun.ttf><D:/ruanjian/cetx
/CTEX/CTeX/fonts/truetype/chinese/simsun.ttf><D:/ruanjian/cetx/CTEX/CTeX/fonts/
truetype/chinese/simsun.ttf><D:/ruanjian/cetx/CTEX/CTeX/fonts/truetype/chinese/
simsun.ttf><D:/ruanjian/cetx/CTEX/CTeX/fonts/truetype/chinese/simsun.ttf><D:/ru
anjian/cetx/CTEX/CTeX/fonts/truetype/chinese/simsun.ttf><D:/ruanjian/cetx/CTEX/
CTeX/fonts/truetype/chinese/simsun.ttf><D:/ruanjian/cetx/CTEX/CTeX/fonts/truety
pe/chinese/simsun.ttf><D:/ruanjian/cetx/CTEX/CTeX/fonts/truetype/chinese/simsun
.ttf><D:/ruanjian/cetx/CTEX/CTeX/fonts/truetype/chinese/simsun.ttf><D:/ruanjian
/cetx/CTEX/CTeX/fonts/truetype/chinese/simsun.ttf><D:/ruanjian/cetx/CTEX/CTeX/f
onts/truetype/chinese/simsun.ttf><D:/ruanjian/cetx/CTEX/CTeX/fonts/truetype/chi
nese/simsun.ttf><D:/ruanjian/cetx/CTEX/CTeX/fonts/truetype/chinese/simsun.ttf><
D:/ruanjian/cetx/CTEX/CTeX/fonts/truetype/chinese/simsun.ttf><D:/ruanjian/cetx/
CTEX/CTeX/fonts/truetype/chinese/simsun.ttf><D:/ruanjian/cetx/CTEX/CTeX/fonts/t
ruetype/chinese/simsun.ttf><D:/ruanjian/cetx/CTEX/CTeX/fonts/truetype/chinese/s
imsun.ttf><D:/ruanjian/cetx/CTEX/CTeX/fonts/truetype/chinese/simsun.ttf><D:/rua
njian/cetx/CTEX/MiKTeX/fonts/type1/public/amsfonts/cm/cmbx10.pfb><D:/ruanjian/c
etx/CTEX/MiKTeX/fonts/type1/public/amsfonts/cm/cmbx12.pfb><D:/ruanjian/cetx/CTE
X/MiKTeX/fonts/type1/public/amsfonts/cm/cmex10.pfb><D:/ruanjian/cetx/CTEX/MiKTe
X/fonts/type1/public/amsfonts/cm/cmmi10.pfb><D:/ruanjian/cetx/CTEX/MiKTeX/fonts
/type1/public/amsfonts/cm/cmmi12.pfb><D:/ruanjian/cetx/CTEX/MiKTeX/fonts/type1/
public/amsfonts/cm/cmmi5.pfb><D:/ruanjian/cetx/CTEX/MiKTeX/fonts/type1/public/a
msfonts/cm/cmmi7.pfb><D:/ruanjian/cetx/CTEX/MiKTeX/fonts/type1/public/amsfonts/
cm/cmmib10.pfb><D:/ruanjian/cetx/CTEX/MiKTeX/fonts/type1/public/amsfonts/cmextr
a/cmmib7.pfb><D:/ruanjian/cetx/CTEX/MiKTeX/fonts/type1/public/amsfonts/cm/cmr10
.pfb><D:/ruanjian/cetx/CTEX/MiKTeX/fonts/type1/public/amsfonts/cm/cmr12.pfb><D:
/ruanjian/cetx/CTEX/MiKTeX/fonts/type1/public/amsfonts/cm/cmr5.pfb><D:/ruanjian
/cetx/CTEX/MiKTeX/fonts/type1/public/amsfonts/cm/cmr7.pfb><D:/ruanjian/cetx/CTE
X/MiKTeX/fonts/type1/public/amsfonts/cm/cmr8.pfb><D:/ruanjian/cetx/CTEX/MiKTeX/
fonts/type1/public/amsfonts/cm/cmsy10.pfb><D:/ruanjian/cetx/CTEX/MiKTeX/fonts/t
ype1/public/amsfonts/cm/cmsy7.pfb><D:/ruanjian/cetx/CTEX/MiKTeX/fonts/type1/pub
lic/amsfonts/cm/cmti10.pfb><D:/ruanjian/cetx/CTEX/MiKTeX/fonts/type1/public/ams
fonts/symbols/msam10.pfb><D:/ruanjian/cetx/CTEX/MiKTeX/fonts/type1/public/amsfo
nts/symbols/msbm10.pfb>
Output written on paper.pdf (5 pages, 564273 bytes).
PDF statistics:
 282 PDF objects out of 1000 (max. 8388607)
 0 named destinations out of 1000 (max. 500000)
 1 words of extra memory for PDF output out of 10000 (max. 10000000)

